<?xml version="1.0" encoding="UTF-8"?>
<testng-results ignored="0" total="2" passed="1" failed="1" skipped="0">
  <reporter-output>
  </reporter-output>
  <suite started-at="2021-07-03T16:41:18 IST" name="Default suite" finished-at="2021-07-03T16:42:21 IST" duration-ms="62221">
    <groups>
      <group name="cucumber">
        <method signature="AbstractTestNGCucumberTests.runScenario(io.cucumber.testng.PickleWrapper, io.cucumber.testng.FeatureWrapper)[pri:0, instance:runner.TestRunner@1613674b]" name="runScenario" class="io.cucumber.testng.AbstractTestNGCucumberTests"/>
      </group> <!-- cucumber -->
    </groups>
    <test started-at="2021-07-03T16:41:18 IST" name="Default test" finished-at="2021-07-03T16:42:21 IST" duration-ms="62221">
      <class name="runner.TestRunner">
        <test-method is-config="true" signature="setUpClass()[pri:0, instance:runner.TestRunner@1613674b]" started-at="2021-07-03T16:41:19 IST" name="setUpClass" finished-at="2021-07-03T16:41:19 IST" duration-ms="611" status="PASS">
          <reporter-output>
          </reporter-output>
        </test-method> <!-- setUpClass -->
        <test-method signature="runScenario(io.cucumber.testng.PickleWrapper, io.cucumber.testng.FeatureWrapper)[pri:0, instance:runner.TestRunner@1613674b]" started-at="2021-07-03T16:41:19 IST" name="runScenario" description="Runs Cucumber Scenarios" data-provider="scenarios" finished-at="2021-07-03T16:41:51 IST" duration-ms="31900" status="PASS">
          <params>
            <param index="0">
              <value>
                <![CDATA["Work Page Automation (Positive)"]]>
              </value>
            </param>
            <param index="1">
              <value>
                <![CDATA["Optional[Fleetstudio Work Page]"]]>
              </value>
            </param>
          </params>
          <reporter-output>
          </reporter-output>
        </test-method> <!-- runScenario -->
        <test-method signature="runScenario(io.cucumber.testng.PickleWrapper, io.cucumber.testng.FeatureWrapper)[pri:0, instance:runner.TestRunner@1613674b]" started-at="2021-07-03T16:41:51 IST" name="runScenario" description="Runs Cucumber Scenarios" data-provider="scenarios" finished-at="2021-07-03T16:42:20 IST" duration-ms="29364" status="FAIL">
          <params>
            <param index="0">
              <value>
                <![CDATA["Work Page Automation (Negative)"]]>
              </value>
            </param>
            <param index="1">
              <value>
                <![CDATA["Optional[Fleetstudio Work Page]"]]>
              </value>
            </param>
          </params>
          <exception class="java.lang.AssertionError">
            <message>
              <![CDATA[expected [3] but found [2]]]>
            </message>
            <full-stacktrace>
              <![CDATA[java.lang.AssertionError: expected [3] but found [2]
at org.testng.Assert.fail(Assert.java:99)
at org.testng.Assert.failNotEquals(Assert.java:1037)
at org.testng.Assert.assertEqualsImpl(Assert.java:140)
at org.testng.Assert.assertEquals(Assert.java:122)
at org.testng.Assert.assertEquals(Assert.java:617)
at stepDefinations.StepDefinations.filter_by_and_check_projects_count_is(StepDefinations.java:27)
at âœ½.filter by "QA" and check projects count is 3(file:///C:/Users/vigne/Documents/EclipseWorkspace/Automation/Fleet_Studio/src/test/resources/Features/Workpage.feature:15)
]]>
            </full-stacktrace>
          </exception> <!-- java.lang.AssertionError -->
          <reporter-output>
          </reporter-output>
        </test-method> <!-- runScenario -->
        <test-method is-config="true" signature="tearDownClass()[pri:0, instance:runner.TestRunner@1613674b]" started-at="2021-07-03T16:42:20 IST" name="tearDownClass" finished-at="2021-07-03T16:42:21 IST" duration-ms="308" status="PASS">
          <reporter-output>
          </reporter-output>
        </test-method> <!-- tearDownClass -->
      </class> <!-- runner.TestRunner -->
    </test> <!-- Default test -->
  </suite> <!-- Default suite -->
</testng-results>
